[2015-10-11 19:05:38] START
[2015-10-11 19:12:27] EDIT plain_map/views/default/index.html: 1
[2015-10-11 19:12:29] EDIT plain_map/views/default/index.html: 0
[2015-10-11 19:12:37] EDIT plain_map/views/default/index.html: 0
[2015-10-11 19:13:30] EDIT plain_map/views/default/index.html: -1
[2015-10-11 19:13:56] EDIT plain_map/views/default/index.html: 1
[2015-10-11 19:15:16] EDIT plain_map/views/default/index.html: -1
[2015-10-11 19:15:51] EDIT plain_map/views/default/index.html: 0
[2015-10-11 19:17:19] EDIT plain_map/views/default/index.html: -1
[2015-10-11 19:25:49] EDIT plain_map/views/default/index.html: 1
[2015-10-11 19:26:04] EDIT plain_map/views/default/index.html: 0
[2015-10-11 19:26:51] EDIT plain_map/controllers/default.py: 2
[2015-10-11 19:26:58] EDIT plain_map/controllers/default.py: 0
[2015-10-11 19:30:54] CREATE default/plain_map.html: 0
[2015-10-11 19:31:51] EDIT plain_map/views/default/plain_map.html: -2
[2015-10-11 19:32:15] EDIT plain_map/views/default/plain_map.html: 15
[2015-10-11 19:32:33] EDIT plain_map/views/default/plain_map.html: 14
[2015-10-11 19:35:41] EDIT plain_map/views/layout.html: 0
[2015-10-11 19:36:26] EDIT plain_map/views/layout.html: 0
[2015-10-11 19:40:28] EDIT plain_map/views/default/plain_map.html: 6
[2015-10-11 19:40:46] EDIT plain_map/views/default/plain_map.html: 0
[2015-10-11 19:45:29] EDIT plain_map/controllers/default.py: 0
[2015-10-11 19:45:54] EDIT plain_map/views/default/plain_map.html: 0
[2015-10-11 19:46:41] EDIT plain_map/views/default/plain_map.html: 0
[2015-10-11 19:47:08] EDIT plain_map/controllers/default.py: 0
[2015-10-11 19:47:22] EDIT plain_map/views/default/plain_map.html: 0
[2015-10-11 19:48:26] EDIT plain_map/views/default/plain_map.html: 0
[2015-10-11 19:48:33] EDIT plain_map/controllers/default.py: 0
[2015-10-11 19:48:48] EDIT plain_map/controllers/default.py: 0
[2015-10-11 19:49:04] EDIT plain_map/controllers/default.py: 0
[2015-10-11 19:49:57] EDIT plain_map/controllers/default.py: 1
[2015-10-11 19:49:59] EDIT plain_map/controllers/default.py: -1
[2015-10-11 19:50:17] EDIT plain_map/controllers/default.py: 0
[2015-10-11 19:51:22] EDIT plain_map/controllers/default.py: 1
[2015-10-11 19:51:25] EDIT plain_map/controllers/default.py: -1
[2015-10-11 19:51:26] EDIT plain_map/controllers/default.py: 0
[2015-10-11 19:51:50] EDIT plain_map/views/default/plain_map.html: 0
[2015-10-11 19:52:37] EDIT plain_map/views/default/plain_map.html: 0
[2015-10-11 19:52:46] EDIT plain_map/views/default/plain_map.html: 0
[2015-10-11 19:53:09] EDIT plain_map/views/default/plain_map.html: 0
[2015-10-11 19:53:21] EDIT plain_map/views/default/plain_map.html: 0
[2015-10-11 19:54:41] EDIT plain_map/views/default/plain_map.html: 0
